[GIN-debug] [WARNING] Running in "debug" mode. Switch to "release" mode in production.
 - using env:	export GIN_MODE=release
 - using code:	gin.SetMode(gin.ReleaseMode)

[GIN-debug] GET    /css/                     --> github.com/gin-gonic/gin.(*RouterGroup).StaticFile.func1 (3 handlers)
[GIN-debug] HEAD   /css/                     --> github.com/gin-gonic/gin.(*RouterGroup).StaticFile.func1 (3 handlers)
[GIN-debug] GET    /js/script.js             --> github.com/gin-gonic/gin.(*RouterGroup).StaticFile.func1 (3 handlers)
[GIN-debug] HEAD   /js/script.js             --> github.com/gin-gonic/gin.(*RouterGroup).StaticFile.func1 (3 handlers)
[GIN-debug] Loaded HTML Templates (6): 
	- footer.html
	- header.html
	- index.html
	- login.html
	- register.html
	- 

[GIN-debug] GET    /ping                     --> main.main.func1 (3 handlers)
[GIN-debug] GET    /                         --> main.main.func2 (3 handlers)
[GIN-debug] GET    /login                    --> main.main.func3 (3 handlers)
[GIN-debug] GET    /register                 --> main.main.func4 (3 handlers)
[GIN-debug] POST   /login                    --> main.main.func5 (3 handlers)
[GIN-debug] [WARNING] You trusted all proxies, this is NOT safe. We recommend you to set a value.
Please check https://pkg.go.dev/github.com/gin-gonic/gin#readme-don-t-trust-all-proxies for details.
[GIN-debug] Listening and serving HTTP on 127.0.0.1:8082
127.0.0.1 - [Sun, 22 Jan 2023 23:52:38 MSK] "GET /register HTTP/1.1 200 572.584µs "Mozilla/5.0 (X11; Linux x86_64) AppleWebKit/537.36 (KHTML, like Gecko) Chrome/108.0.0.0 Safari/537.36" "
127.0.0.1 - [Sun, 22 Jan 2023 23:52:39 MSK] "GET /register HTTP/1.1 200 470.593µs "Mozilla/5.0 (X11; Linux x86_64) AppleWebKit/537.36 (KHTML, like Gecko) Chrome/108.0.0.0 Safari/537.36" "
